Using pre-set license
Built from '2020.2/staging' branch; Version is '2020.2.3f1 (8ff31bc5bf5b) revision 9433883'; Using compiler version '192528614'; Build Type 'Release'
OS: 'Windows 10 Pro; OS build 19042.1466; Version 2009; 64bit' Language: 'ru' Physical Memory: 16319 MB
BatchMode: 1, IsHumanControllingUs: 0, StartBugReporterOnCrash: 0, Is64bit: 1, IsPro: 0

 COMMAND LINE ARGUMENTS:
D:\unityFolder\2020.2.3f1\Editor\Unity.exe
-adb2
-batchMode
-noUpm
-name
AssetImportWorker0
-projectPath
D:/unityFolder/VASABI
-logFile
Logs/AssetImportWorker0.log
-srvPort
55694
Successfully changed project path to: D:/unityFolder/VASABI
D:/unityFolder/VASABI
Using Asset Import Pipeline V2.
Refreshing native plugins compatible for Editor in 63.58 ms, found 0 plugins.
Preloading 0 native plugins for Editor in 0.00 ms.
Initialize engine version: 2020.2.3f1 (8ff31bc5bf5b)
[Subsystems] Discovering subsystems at path D:/unityFolder/2020.2.3f1/Editor/Data/Resources/UnitySubsystems
[Subsystems] Discovering subsystems at path D:/unityFolder/VASABI/Assets
GfxDevice: creating device client; threaded=0
Direct3D:
    Version:  Direct3D 11.0 [level 11.1]
    Renderer: NVIDIA GeForce GTX 1060 6GB (ID=0x1c03)
    Vendor:   
    VRAM:     6052 MB
    Driver:   30.0.14.7212
Initialize mono
Mono path[0] = 'D:/unityFolder/2020.2.3f1/Editor/Data/Managed'
Mono path[1] = 'D:/unityFolder/2020.2.3f1/Editor/Data/MonoBleedingEdge/lib/mono/unityjit'
Mono config path = 'D:/unityFolder/2020.2.3f1/Editor/Data/MonoBleedingEdge/etc'
Using monoOptions --debugger-agent=transport=dt_socket,embedding=1,server=y,suspend=n,address=127.0.0.1:56684
Begin MonoManager ReloadAssembly
Registering precompiled unity dll's ...
Register platform support module: D:/unityFolder/2020.2.3f1/Editor/Data/PlaybackEngines/WebGLSupport/UnityEditor.WebGL.Extensions.dll
Register platform support module: D:/unityFolder/2020.2.3f1/Editor/Data/PlaybackEngines/WindowsStandaloneSupport/UnityEditor.WindowsStandalone.Extensions.dll
Registered in 0.001408 seconds.
Native extension for WindowsStandalone target not found
Native extension for WebGL target not found
Refreshing native plugins compatible for Editor in 68.75 ms, found 0 plugins.
Preloading 0 native plugins for Editor in 0.00 ms.
Invoked RoslynAnalysisRunner static constructor.
RoslynAnalysisRunner will not be running.
RoslynAnalysisRunner has terminated.
Mono: successfully reloaded assembly
- Completed reload, in  1.862 seconds
Platform modules already initialized, skipping
Registering precompiled user dll's ...
Registered in 0.001961 seconds.
Begin MonoManager ReloadAssembly
Native extension for WindowsStandalone target not found
Native extension for WebGL target not found
Refreshing native plugins compatible for Editor in 0.49 ms, found 0 plugins.
Preloading 0 native plugins for Editor in 0.00 ms.
Invoked RoslynAnalysisRunner static constructor.
RoslynAnalysisRunner will not be running.
RoslynAnalysisRunner has terminated.
Find all reader and writers took 25 milliseconds
Script Module: UnityEngine.UI.dll
Weave behaviours and messages took 73 milliseconds
Find all reader and writers took 4 milliseconds
Script Module: UnityEngine.TestRunner.dll
Weave behaviours and messages took 17 milliseconds
Find all reader and writers took 5 milliseconds
Script Module: SimpleWebTransport.dll
Weave behaviours and messages took 6 milliseconds
Find all reader and writers took 8 milliseconds
Script Module: Unity.Timeline.dll
Weave behaviours and messages took 39 milliseconds
Find all reader and writers took 8 milliseconds
Script Module: Unity.ProBuilder.dll
Weave behaviours and messages took 58 milliseconds
Find all reader and writers took 9 milliseconds
Script Module: Unity.TextMeshPro.dll
Weave behaviours and messages took 56 milliseconds
Find all reader and writers took 3 milliseconds
Script Module: Unity.ProBuilder.Poly2Tri.dll
Weave behaviours and messages took 9 milliseconds
Find all reader and writers took 5 milliseconds
Script Module: Unity.Postprocessing.Runtime.dll
Weave behaviours and messages took 28 milliseconds
Find all reader and writers took 5 milliseconds
Script Module: Boxophobic.Utils.Scripts.dll
Weave behaviours and messages took 0 milliseconds
Find all reader and writers took 5 milliseconds
Script Module: kcp2k.dll
Weave behaviours and messages took 7 milliseconds
Find all reader and writers took 5 milliseconds
Script Module: Telepathy.dll
Weave behaviours and messages took 3 milliseconds
Find all reader and writers took 5 milliseconds
Script Module: Unity.ProGrids.dll
Weave behaviours and messages took 0 milliseconds
Find all reader and writers took 4 milliseconds
Script Module: Unity.ProBuilder.Csg.dll
Weave behaviours and messages took 2 milliseconds
Find all reader and writers took 5 milliseconds
Script Module: Unity.ProBuilder.KdTree.dll
Weave behaviours and messages took 3 milliseconds
Find all reader and writers took 5 milliseconds
Script Module: Unity.ProBuilder.Stl.dll
Weave behaviours and messages took 1 milliseconds
Find all reader and writers took 5 milliseconds
Script Module: where-allocations.dll
Weave behaviours and messages took 0 milliseconds
Find all reader and writers took 18 milliseconds
Script Module: UnityEditor.TestRunner.dll
Weave behaviours and messages took 31 milliseconds
Find all reader and writers took 18 milliseconds
Script Module: UnityEditor.UI.dll
Weave behaviours and messages took 8 milliseconds
Find all reader and writers took 14 milliseconds
Script Module: Unity.Mirror.CodeGen.dll
Weave behaviours and messages took 13 milliseconds
Find all reader and writers took 14 milliseconds
Script Module: ParrelSync.dll
Weave behaviours and messages took 1 milliseconds
Find all reader and writers took 11 milliseconds
Script Module: Unity.ProBuilder.AssetIdRemapUtility.dll
Weave behaviours and messages took 6 milliseconds
Find all reader and writers took 10 milliseconds
Script Module: Mirror.CompilerSymbols.dll
Weave behaviours and messages took 0 milliseconds
Mono: successfully reloaded assembly
- Completed reload, in  3.747 seconds
Platform modules already initialized, skipping
========================================================================
Worker process is ready to serve import requests
Launched and connected shader compiler UnityShaderCompiler.exe after 0.09 seconds
Refreshing native plugins compatible for Editor in 0.69 ms, found 0 plugins.
Preloading 0 native plugins for Editor in 0.00 ms.
Unloading 2024 Unused Serialized files (Serialized files now loaded: 0)
System memory in use before: 97.6 MB.
System memory in use after: 97.6 MB.

Unloading 84 unused Assets to reduce memory usage. Loaded Objects now: 2457.
Total: 7.770800 ms (FindLiveObjects: 0.308500 ms CreateObjectMapping: 0.149800 ms MarkObjects: 7.142800 ms  DeleteObjects: 0.168600 ms)

========================================================================
Received Import Request.
  path: Assets/New Terrain.asset
  artifactKey: Guid(5813c6aa28bb23b4a82cf360df0b3713) Importer(815301076,1909f56bfc062723c751e8b465ee728b)
Start importing Assets/New Terrain.asset using Guid(5813c6aa28bb23b4a82cf360df0b3713) Importer(815301076,1909f56bfc062723c751e8b465ee728b)  -> (artifact id: '9bcb145c37934dccecc81aaaa1f16724') in 0.035884 seconds
  Import took 0.039861 seconds .

AssetImportWorkerClient::OnTransportError - code=2 error=End of file
